Performing C SOURCE FILE Test HAVE_THREAD_LOCAL_STORAGE failed with the following output:
Change Dir: /home/origamidance/Playground/Cinder-NumOpt/build/CMakeFiles/CMakeTmp

Run Build Command:"/usr/bin/ninja" "cmTC_e4922"
[1/2] Building C object CMakeFiles/cmTC_e4922.dir/src.c.o
FAILED: CMakeFiles/cmTC_e4922.dir/src.c.o 
/home/origamidance/dependencies/zapcc/bin/zapcc   -DHAVE_THREAD_LOCAL_STORAGE -o CMakeFiles/cmTC_e4922.dir/src.c.o   -c src.c
src.c:2:5: error: '__declspec' attributes are not enabled; use '-fdeclspec' or '-fms-extensions' to enable support for __declspec attributes
    __declspec(thread) int tls;
    ^
1 error generated.
ninja: build stopped: subcommand failed.

Source file was:

    __declspec(thread) int tls;

    int main(void) {
        return 0;
    }
Determining if the _LIBCPP_VERSION exist failed with the following output:
Change Dir: /home/origamidance/Playground/Cinder-NumOpt/build/CMakeFiles/CMakeTmp

Run Build Command:"/usr/bin/ninja" "cmTC_91709"
[1/2] Building CXX object CMakeFiles/cmTC_91709.dir/CheckSymbolExists.cxx.o
FAILED: CMakeFiles/cmTC_91709.dir/CheckSymbolExists.cxx.o 
/home/origamidance/dependencies/zapcc/bin/zapcc++     -o CMakeFiles/cmTC_91709.dir/CheckSymbolExists.cxx.o -c CheckSymbolExists.cxx
/home/origamidance/Playground/Cinder-NumOpt/build/CMakeFiles/CMakeTmp/CheckSymbolExists.cxx:8:19: error: use of undeclared identifier '_LIBCPP_VERSION'
  return ((int*)(&_LIBCPP_VERSION))[argc];
                  ^
1 error generated.
ninja: build stopped: subcommand failed.

File /home/origamidance/Playground/Cinder-NumOpt/build/CMakeFiles/CMakeTmp/CheckSymbolExists.cxx:
/* */
#include <string>

int main(int argc, char** argv)
{
  (void)argv;
#ifndef _LIBCPP_VERSION
  return ((int*)(&_LIBCPP_VERSION))[argc];
#else
  (void)argc;
  return 0;
#endif
}

