The system is: Linux - 4.15.15-1-ARCH - x86_64
Compiling the C compiler identification source file "CMakeCCompilerId.c" succeeded.
Compiler: /home/origamidance/dependencies/zapcc/bin/zapcc 
Build flags: 
Id flags:  

The output was:
0


Compilation of the C compiler identification source "CMakeCCompilerId.c" produced "a.out"

The C compiler identification is Clang, found in "/home/origamidance/Playground/Cinder-NumOpt/build/CMakeFiles/3.10.3/CompilerIdC/a.out"

Compiling the CXX compiler identification source file "CMakeCXXCompilerId.cpp" succeeded.
Compiler: /home/origamidance/dependencies/zapcc/bin/zapcc++ 
Build flags: 
Id flags:  

The output was:
0


Compilation of the CXX compiler identification source "CMakeCXXCompilerId.cpp" produced "a.out"

The CXX compiler identification is Clang, found in "/home/origamidance/Playground/Cinder-NumOpt/build/CMakeFiles/3.10.3/CompilerIdCXX/a.out"

Determining if the C compiler works passed with the following output:
Change Dir: /home/origamidance/Playground/Cinder-NumOpt/build/CMakeFiles/CMakeTmp

Run Build Command:"/usr/bin/ninja" "cmTC_ee3f9"
[1/2] Building C object CMakeFiles/cmTC_ee3f9.dir/testCCompiler.c.o
[2/2] Linking C executable cmTC_ee3f9


Detecting C compiler ABI info compiled with the following output:
Change Dir: /home/origamidance/Playground/Cinder-NumOpt/build/CMakeFiles/CMakeTmp

Run Build Command:"/usr/bin/ninja" "cmTC_b49d0"
[1/2] Building C object CMakeFiles/cmTC_b49d0.dir/CMakeCCompilerABI.c.o
[2/2] Linking C executable cmTC_b49d0
zapcc clang version 5.0.0 (trunk) (based on LLVM 5.0.0svn) built on Aug  2 2017 17:55:27
Target: x86_64-unknown-linux-gnu
Thread model: posix
InstalledDir: /home/origamidance/dependencies/zapcc/bin
Found candidate GCC installation: /usr/lib/gcc/x86_64-pc-linux-gnu/5.5.0
Found candidate GCC installation: /usr/lib/gcc/x86_64-pc-linux-gnu/6.4.1
Found candidate GCC installation: /usr/lib/gcc/x86_64-pc-linux-gnu/7.3.1
Found candidate GCC installation: /usr/lib64/gcc/x86_64-pc-linux-gnu/5.5.0
Found candidate GCC installation: /usr/lib64/gcc/x86_64-pc-linux-gnu/6.4.1
Found candidate GCC installation: /usr/lib64/gcc/x86_64-pc-linux-gnu/7.3.1
Selected GCC installation: /usr/lib64/gcc/x86_64-pc-linux-gnu/7.3.1
Candidate multilib: .;@m64
Candidate multilib: 32;@m32
Selected multilib: .;@m64
Found CUDA installation: /usr/local/cuda, version unknown
 "/usr/bin/ld" -export-dynamic --eh-frame-hdr -m elf_x86_64 -export-dynamic -dynamic-linker /lib64/ld-linux-x86-64.so.2 -o cmTC_b49d0 /usr/lib64/gcc/x86_64-pc-linux-gnu/7.3.1/../../../../lib64/crt1.o /usr/lib64/gcc/x86_64-pc-linux-gnu/7.3.1/../../../../lib64/crti.o /usr/lib64/gcc/x86_64-pc-linux-gnu/7.3.1/crtbegin.o -L/usr/lib64/gcc/x86_64-pc-linux-gnu/7.3.1 -L/usr/lib64/gcc/x86_64-pc-linux-gnu/7.3.1/../../../../lib64 -L/lib/../lib64 -L/usr/lib/../lib64 -L/usr/lib64/gcc/x86_64-pc-linux-gnu/7.3.1/../../.. -L/home/origamidance/dependencies/zapcc/bin/../lib -L/lib -L/usr/lib CMakeFiles/cmTC_b49d0.dir/CMakeCCompilerABI.c.o -lgcc --as-needed -lgcc_s --no-as-needed -lc -lgcc --as-needed -lgcc_s --no-as-needed /usr/lib64/gcc/x86_64-pc-linux-gnu/7.3.1/crtend.o /usr/lib64/gcc/x86_64-pc-linux-gnu/7.3.1/../../../../lib64/crtn.o


Parsed C implicit link information from above output:
  link line regex: [^( *|.*[/\])(ld|CMAKE_LINK_STARTFILE-NOTFOUND|([^/\]+-)?ld|collect2)[^/\]*( |$)]
  ignore line: [Change Dir: /home/origamidance/Playground/Cinder-NumOpt/build/CMakeFiles/CMakeTmp]
  ignore line: []
  ignore line: [Run Build Command:"/usr/bin/ninja" "cmTC_b49d0"]
  ignore line: [[1/2] Building C object CMakeFiles/cmTC_b49d0.dir/CMakeCCompilerABI.c.o]
  ignore line: [[2/2] Linking C executable cmTC_b49d0]
  ignore line: [zapcc clang version 5.0.0 (trunk) (based on LLVM 5.0.0svn) built on Aug  2 2017 17:55:27]
  ignore line: [Target: x86_64-unknown-linux-gnu]
  ignore line: [Thread model: posix]
  ignore line: [InstalledDir: /home/origamidance/dependencies/zapcc/bin]
  ignore line: [Found candidate GCC installation: /usr/lib/gcc/x86_64-pc-linux-gnu/5.5.0]
  ignore line: [Found candidate GCC installation: /usr/lib/gcc/x86_64-pc-linux-gnu/6.4.1]
  ignore line: [Found candidate GCC installation: /usr/lib/gcc/x86_64-pc-linux-gnu/7.3.1]
  ignore line: [Found candidate GCC installation: /usr/lib64/gcc/x86_64-pc-linux-gnu/5.5.0]
  ignore line: [Found candidate GCC installation: /usr/lib64/gcc/x86_64-pc-linux-gnu/6.4.1]
  ignore line: [Found candidate GCC installation: /usr/lib64/gcc/x86_64-pc-linux-gnu/7.3.1]
  ignore line: [Selected GCC installation: /usr/lib64/gcc/x86_64-pc-linux-gnu/7.3.1]
  ignore line: [Candidate multilib: .]
  ignore line: [@m64]
  ignore line: [Candidate multilib: 32]
  ignore line: [@m32]
  ignore line: [Selected multilib: .]
  ignore line: [@m64]
  ignore line: [Found CUDA installation: /usr/local/cuda, version unknown]
  link line: [ "/usr/bin/ld" -export-dynamic --eh-frame-hdr -m elf_x86_64 -export-dynamic -dynamic-linker /lib64/ld-linux-x86-64.so.2 -o cmTC_b49d0 /usr/lib64/gcc/x86_64-pc-linux-gnu/7.3.1/../../../../lib64/crt1.o /usr/lib64/gcc/x86_64-pc-linux-gnu/7.3.1/../../../../lib64/crti.o /usr/lib64/gcc/x86_64-pc-linux-gnu/7.3.1/crtbegin.o -L/usr/lib64/gcc/x86_64-pc-linux-gnu/7.3.1 -L/usr/lib64/gcc/x86_64-pc-linux-gnu/7.3.1/../../../../lib64 -L/lib/../lib64 -L/usr/lib/../lib64 -L/usr/lib64/gcc/x86_64-pc-linux-gnu/7.3.1/../../.. -L/home/origamidance/dependencies/zapcc/bin/../lib -L/lib -L/usr/lib CMakeFiles/cmTC_b49d0.dir/CMakeCCompilerABI.c.o -lgcc --as-needed -lgcc_s --no-as-needed -lc -lgcc --as-needed -lgcc_s --no-as-needed /usr/lib64/gcc/x86_64-pc-linux-gnu/7.3.1/crtend.o /usr/lib64/gcc/x86_64-pc-linux-gnu/7.3.1/../../../../lib64/crtn.o]
    arg [/usr/bin/ld] ==> ignore
    arg [-export-dynamic] ==> ignore
    arg [--eh-frame-hdr] ==> ignore
    arg [-m] ==> ignore
    arg [elf_x86_64] ==> ignore
    arg [-export-dynamic] ==> ignore
    arg [-dynamic-linker] ==> ignore
    arg [/lib64/ld-linux-x86-64.so.2] ==> ignore
    arg [-o] ==> ignore
    arg [cmTC_b49d0] ==> ignore
    arg [/usr/lib64/gcc/x86_64-pc-linux-gnu/7.3.1/../../../../lib64/crt1.o] ==> ignore
    arg [/usr/lib64/gcc/x86_64-pc-linux-gnu/7.3.1/../../../../lib64/crti.o] ==> ignore
    arg [/usr/lib64/gcc/x86_64-pc-linux-gnu/7.3.1/crtbegin.o] ==> ignore
    arg [-L/usr/lib64/gcc/x86_64-pc-linux-gnu/7.3.1] ==> dir [/usr/lib64/gcc/x86_64-pc-linux-gnu/7.3.1]
    arg [-L/usr/lib64/gcc/x86_64-pc-linux-gnu/7.3.1/../../../../lib64] ==> dir [/usr/lib64/gcc/x86_64-pc-linux-gnu/7.3.1/../../../../lib64]
    arg [-L/lib/../lib64] ==> dir [/lib/../lib64]
    arg [-L/usr/lib/../lib64] ==> dir [/usr/lib/../lib64]
    arg [-L/usr/lib64/gcc/x86_64-pc-linux-gnu/7.3.1/../../..] ==> dir [/usr/lib64/gcc/x86_64-pc-linux-gnu/7.3.1/../../..]
    arg [-L/home/origamidance/dependencies/zapcc/bin/../lib] ==> dir [/home/origamidance/dependencies/zapcc/bin/../lib]
    arg [-L/lib] ==> dir [/lib]
    arg [-L/usr/lib] ==> dir [/usr/lib]
    arg [CMakeFiles/cmTC_b49d0.dir/CMakeCCompilerABI.c.o] ==> ignore
    arg [-lgcc] ==> lib [gcc]
    arg [--as-needed] ==> ignore
    arg [-lgcc_s] ==> lib [gcc_s]
    arg [--no-as-needed] ==> ignore
    arg [-lc] ==> lib [c]
    arg [-lgcc] ==> lib [gcc]
    arg [--as-needed] ==> ignore
    arg [-lgcc_s] ==> lib [gcc_s]
    arg [--no-as-needed] ==> ignore
    arg [/usr/lib64/gcc/x86_64-pc-linux-gnu/7.3.1/crtend.o] ==> ignore
    arg [/usr/lib64/gcc/x86_64-pc-linux-gnu/7.3.1/../../../../lib64/crtn.o] ==> ignore
  collapse library dir [/usr/lib64/gcc/x86_64-pc-linux-gnu/7.3.1] ==> [/usr/lib64/gcc/x86_64-pc-linux-gnu/7.3.1]
  collapse library dir [/usr/lib64/gcc/x86_64-pc-linux-gnu/7.3.1/../../../../lib64] ==> [/usr/lib64]
  collapse library dir [/lib/../lib64] ==> [/lib64]
  collapse library dir [/usr/lib/../lib64] ==> [/usr/lib64]
  collapse library dir [/usr/lib64/gcc/x86_64-pc-linux-gnu/7.3.1/../../..] ==> [/usr/lib64]
  collapse library dir [/home/origamidance/dependencies/zapcc/bin/../lib] ==> [/home/origamidance/dependencies/zapcc/lib]
  collapse library dir [/lib] ==> [/lib]
  collapse library dir [/usr/lib] ==> [/usr/lib]
  implicit libs: [gcc;gcc_s;c;gcc;gcc_s]
  implicit dirs: [/usr/lib64/gcc/x86_64-pc-linux-gnu/7.3.1;/usr/lib64;/lib64;/home/origamidance/dependencies/zapcc/lib;/lib;/usr/lib]
  implicit fwks: []




Detecting C [-std=c11] compiler features compiled with the following output:
Change Dir: /home/origamidance/Playground/Cinder-NumOpt/build/CMakeFiles/CMakeTmp

Run Build Command:"/usr/bin/ninja" "cmTC_dc7c7"
[1/2] Building C object CMakeFiles/cmTC_dc7c7.dir/feature_tests.c.o
[2/2] Linking C executable cmTC_dc7c7


    Feature record: C_FEATURE:1c_function_prototypes
    Feature record: C_FEATURE:1c_restrict
    Feature record: C_FEATURE:1c_static_assert
    Feature record: C_FEATURE:1c_variadic_macros


Detecting C [-std=c99] compiler features compiled with the following output:
Change Dir: /home/origamidance/Playground/Cinder-NumOpt/build/CMakeFiles/CMakeTmp

Run Build Command:"/usr/bin/ninja" "cmTC_89b50"
[1/2] Building C object CMakeFiles/cmTC_89b50.dir/feature_tests.c.o
[2/2] Linking C executable cmTC_89b50


    Feature record: C_FEATURE:1c_function_prototypes
    Feature record: C_FEATURE:1c_restrict
    Feature record: C_FEATURE:0c_static_assert
    Feature record: C_FEATURE:1c_variadic_macros


Detecting C [-std=c90] compiler features compiled with the following output:
Change Dir: /home/origamidance/Playground/Cinder-NumOpt/build/CMakeFiles/CMakeTmp

Run Build Command:"/usr/bin/ninja" "cmTC_f4b93"
[1/2] Building C object CMakeFiles/cmTC_f4b93.dir/feature_tests.c.o
[2/2] Linking C executable cmTC_f4b93


    Feature record: C_FEATURE:1c_function_prototypes
    Feature record: C_FEATURE:0c_restrict
    Feature record: C_FEATURE:0c_static_assert
    Feature record: C_FEATURE:0c_variadic_macros
Determining if the CXX compiler works passed with the following output:
Change Dir: /home/origamidance/Playground/Cinder-NumOpt/build/CMakeFiles/CMakeTmp

Run Build Command:"/usr/bin/ninja" "cmTC_7d38e"
[1/2] Building CXX object CMakeFiles/cmTC_7d38e.dir/testCXXCompiler.cxx.o
[2/2] Linking CXX executable cmTC_7d38e


Detecting CXX compiler ABI info compiled with the following output:
Change Dir: /home/origamidance/Playground/Cinder-NumOpt/build/CMakeFiles/CMakeTmp

Run Build Command:"/usr/bin/ninja" "cmTC_272b1"
[1/2] Building CXX object CMakeFiles/cmTC_272b1.dir/CMakeCXXCompilerABI.cpp.o
[2/2] Linking CXX executable cmTC_272b1
zapcc clang version 5.0.0 (trunk) (based on LLVM 5.0.0svn) built on Aug  2 2017 17:55:27
Target: x86_64-unknown-linux-gnu
Thread model: posix
InstalledDir: /home/origamidance/dependencies/zapcc/bin
Found candidate GCC installation: /usr/lib/gcc/x86_64-pc-linux-gnu/5.5.0
Found candidate GCC installation: /usr/lib/gcc/x86_64-pc-linux-gnu/6.4.1
Found candidate GCC installation: /usr/lib/gcc/x86_64-pc-linux-gnu/7.3.1
Found candidate GCC installation: /usr/lib64/gcc/x86_64-pc-linux-gnu/5.5.0
Found candidate GCC installation: /usr/lib64/gcc/x86_64-pc-linux-gnu/6.4.1
Found candidate GCC installation: /usr/lib64/gcc/x86_64-pc-linux-gnu/7.3.1
Selected GCC installation: /usr/lib64/gcc/x86_64-pc-linux-gnu/7.3.1
Candidate multilib: .;@m64
Candidate multilib: 32;@m32
Selected multilib: .;@m64
Found CUDA installation: /usr/local/cuda, version unknown
 "/usr/bin/ld" -export-dynamic --eh-frame-hdr -m elf_x86_64 -export-dynamic -dynamic-linker /lib64/ld-linux-x86-64.so.2 -o cmTC_272b1 /usr/lib64/gcc/x86_64-pc-linux-gnu/7.3.1/../../../../lib64/crt1.o /usr/lib64/gcc/x86_64-pc-linux-gnu/7.3.1/../../../../lib64/crti.o /usr/lib64/gcc/x86_64-pc-linux-gnu/7.3.1/crtbegin.o -L/usr/lib64/gcc/x86_64-pc-linux-gnu/7.3.1 -L/usr/lib64/gcc/x86_64-pc-linux-gnu/7.3.1/../../../../lib64 -L/lib/../lib64 -L/usr/lib/../lib64 -L/usr/lib64/gcc/x86_64-pc-linux-gnu/7.3.1/../../.. -L/home/origamidance/dependencies/zapcc/bin/../lib -L/lib -L/usr/lib CMakeFiles/cmTC_272b1.dir/CMakeCXXCompilerABI.cpp.o -lstdc++ -lm -lgcc_s -lgcc -lc -lgcc_s -lgcc /usr/lib64/gcc/x86_64-pc-linux-gnu/7.3.1/crtend.o /usr/lib64/gcc/x86_64-pc-linux-gnu/7.3.1/../../../../lib64/crtn.o


Parsed CXX implicit link information from above output:
  link line regex: [^( *|.*[/\])(ld|CMAKE_LINK_STARTFILE-NOTFOUND|([^/\]+-)?ld|collect2)[^/\]*( |$)]
  ignore line: [Change Dir: /home/origamidance/Playground/Cinder-NumOpt/build/CMakeFiles/CMakeTmp]
  ignore line: []
  ignore line: [Run Build Command:"/usr/bin/ninja" "cmTC_272b1"]
  ignore line: [[1/2] Building CXX object CMakeFiles/cmTC_272b1.dir/CMakeCXXCompilerABI.cpp.o]
  ignore line: [[2/2] Linking CXX executable cmTC_272b1]
  ignore line: [zapcc clang version 5.0.0 (trunk) (based on LLVM 5.0.0svn) built on Aug  2 2017 17:55:27]
  ignore line: [Target: x86_64-unknown-linux-gnu]
  ignore line: [Thread model: posix]
  ignore line: [InstalledDir: /home/origamidance/dependencies/zapcc/bin]
  ignore line: [Found candidate GCC installation: /usr/lib/gcc/x86_64-pc-linux-gnu/5.5.0]
  ignore line: [Found candidate GCC installation: /usr/lib/gcc/x86_64-pc-linux-gnu/6.4.1]
  ignore line: [Found candidate GCC installation: /usr/lib/gcc/x86_64-pc-linux-gnu/7.3.1]
  ignore line: [Found candidate GCC installation: /usr/lib64/gcc/x86_64-pc-linux-gnu/5.5.0]
  ignore line: [Found candidate GCC installation: /usr/lib64/gcc/x86_64-pc-linux-gnu/6.4.1]
  ignore line: [Found candidate GCC installation: /usr/lib64/gcc/x86_64-pc-linux-gnu/7.3.1]
  ignore line: [Selected GCC installation: /usr/lib64/gcc/x86_64-pc-linux-gnu/7.3.1]
  ignore line: [Candidate multilib: .]
  ignore line: [@m64]
  ignore line: [Candidate multilib: 32]
  ignore line: [@m32]
  ignore line: [Selected multilib: .]
  ignore line: [@m64]
  ignore line: [Found CUDA installation: /usr/local/cuda, version unknown]
  link line: [ "/usr/bin/ld" -export-dynamic --eh-frame-hdr -m elf_x86_64 -export-dynamic -dynamic-linker /lib64/ld-linux-x86-64.so.2 -o cmTC_272b1 /usr/lib64/gcc/x86_64-pc-linux-gnu/7.3.1/../../../../lib64/crt1.o /usr/lib64/gcc/x86_64-pc-linux-gnu/7.3.1/../../../../lib64/crti.o /usr/lib64/gcc/x86_64-pc-linux-gnu/7.3.1/crtbegin.o -L/usr/lib64/gcc/x86_64-pc-linux-gnu/7.3.1 -L/usr/lib64/gcc/x86_64-pc-linux-gnu/7.3.1/../../../../lib64 -L/lib/../lib64 -L/usr/lib/../lib64 -L/usr/lib64/gcc/x86_64-pc-linux-gnu/7.3.1/../../.. -L/home/origamidance/dependencies/zapcc/bin/../lib -L/lib -L/usr/lib CMakeFiles/cmTC_272b1.dir/CMakeCXXCompilerABI.cpp.o -lstdc++ -lm -lgcc_s -lgcc -lc -lgcc_s -lgcc /usr/lib64/gcc/x86_64-pc-linux-gnu/7.3.1/crtend.o /usr/lib64/gcc/x86_64-pc-linux-gnu/7.3.1/../../../../lib64/crtn.o]
    arg [/usr/bin/ld] ==> ignore
    arg [-export-dynamic] ==> ignore
    arg [--eh-frame-hdr] ==> ignore
    arg [-m] ==> ignore
    arg [elf_x86_64] ==> ignore
    arg [-export-dynamic] ==> ignore
    arg [-dynamic-linker] ==> ignore
    arg [/lib64/ld-linux-x86-64.so.2] ==> ignore
    arg [-o] ==> ignore
    arg [cmTC_272b1] ==> ignore
    arg [/usr/lib64/gcc/x86_64-pc-linux-gnu/7.3.1/../../../../lib64/crt1.o] ==> ignore
    arg [/usr/lib64/gcc/x86_64-pc-linux-gnu/7.3.1/../../../../lib64/crti.o] ==> ignore
    arg [/usr/lib64/gcc/x86_64-pc-linux-gnu/7.3.1/crtbegin.o] ==> ignore
    arg [-L/usr/lib64/gcc/x86_64-pc-linux-gnu/7.3.1] ==> dir [/usr/lib64/gcc/x86_64-pc-linux-gnu/7.3.1]
    arg [-L/usr/lib64/gcc/x86_64-pc-linux-gnu/7.3.1/../../../../lib64] ==> dir [/usr/lib64/gcc/x86_64-pc-linux-gnu/7.3.1/../../../../lib64]
    arg [-L/lib/../lib64] ==> dir [/lib/../lib64]
    arg [-L/usr/lib/../lib64] ==> dir [/usr/lib/../lib64]
    arg [-L/usr/lib64/gcc/x86_64-pc-linux-gnu/7.3.1/../../..] ==> dir [/usr/lib64/gcc/x86_64-pc-linux-gnu/7.3.1/../../..]
    arg [-L/home/origamidance/dependencies/zapcc/bin/../lib] ==> dir [/home/origamidance/dependencies/zapcc/bin/../lib]
    arg [-L/lib] ==> dir [/lib]
    arg [-L/usr/lib] ==> dir [/usr/lib]
    arg [CMakeFiles/cmTC_272b1.dir/CMakeCXXCompilerABI.cpp.o] ==> ignore
    arg [-lstdc++] ==> lib [stdc++]
    arg [-lm] ==> lib [m]
    arg [-lgcc_s] ==> lib [gcc_s]
    arg [-lgcc] ==> lib [gcc]
    arg [-lc] ==> lib [c]
    arg [-lgcc_s] ==> lib [gcc_s]
    arg [-lgcc] ==> lib [gcc]
    arg [/usr/lib64/gcc/x86_64-pc-linux-gnu/7.3.1/crtend.o] ==> ignore
    arg [/usr/lib64/gcc/x86_64-pc-linux-gnu/7.3.1/../../../../lib64/crtn.o] ==> ignore
  collapse library dir [/usr/lib64/gcc/x86_64-pc-linux-gnu/7.3.1] ==> [/usr/lib64/gcc/x86_64-pc-linux-gnu/7.3.1]
  collapse library dir [/usr/lib64/gcc/x86_64-pc-linux-gnu/7.3.1/../../../../lib64] ==> [/usr/lib64]
  collapse library dir [/lib/../lib64] ==> [/lib64]
  collapse library dir [/usr/lib/../lib64] ==> [/usr/lib64]
  collapse library dir [/usr/lib64/gcc/x86_64-pc-linux-gnu/7.3.1/../../..] ==> [/usr/lib64]
  collapse library dir [/home/origamidance/dependencies/zapcc/bin/../lib] ==> [/home/origamidance/dependencies/zapcc/lib]
  collapse library dir [/lib] ==> [/lib]
  collapse library dir [/usr/lib] ==> [/usr/lib]
  implicit libs: [stdc++;m;gcc_s;gcc;c;gcc_s;gcc]
  implicit dirs: [/usr/lib64/gcc/x86_64-pc-linux-gnu/7.3.1;/usr/lib64;/lib64;/home/origamidance/dependencies/zapcc/lib;/lib;/usr/lib]
  implicit fwks: []




Detecting CXX [-std=c++1z] compiler features compiled with the following output:
Change Dir: /home/origamidance/Playground/Cinder-NumOpt/build/CMakeFiles/CMakeTmp

Run Build Command:"/usr/bin/ninja" "cmTC_56e59"
[1/2] Building CXX object CMakeFiles/cmTC_56e59.dir/feature_tests.cxx.o
[2/2] Linking CXX executable cmTC_56e59


    Feature record: CXX_FEATURE:1cxx_aggregate_default_initializers
    Feature record: CXX_FEATURE:1cxx_alias_templates
    Feature record: CXX_FEATURE:1cxx_alignas
    Feature record: CXX_FEATURE:1cxx_alignof
    Feature record: CXX_FEATURE:1cxx_attributes
    Feature record: CXX_FEATURE:1cxx_attribute_deprecated
    Feature record: CXX_FEATURE:1cxx_auto_type
    Feature record: CXX_FEATURE:1cxx_binary_literals
    Feature record: CXX_FEATURE:1cxx_constexpr
    Feature record: CXX_FEATURE:1cxx_contextual_conversions
    Feature record: CXX_FEATURE:1cxx_decltype
    Feature record: CXX_FEATURE:1cxx_decltype_auto
    Feature record: CXX_FEATURE:1cxx_decltype_incomplete_return_types
    Feature record: CXX_FEATURE:1cxx_default_function_template_args
    Feature record: CXX_FEATURE:1cxx_defaulted_functions
    Feature record: CXX_FEATURE:1cxx_defaulted_move_initializers
    Feature record: CXX_FEATURE:1cxx_delegating_constructors
    Feature record: CXX_FEATURE:1cxx_deleted_functions
    Feature record: CXX_FEATURE:1cxx_digit_separators
    Feature record: CXX_FEATURE:1cxx_enum_forward_declarations
    Feature record: CXX_FEATURE:1cxx_explicit_conversions
    Feature record: CXX_FEATURE:1cxx_extended_friend_declarations
    Feature record: CXX_FEATURE:1cxx_extern_templates
    Feature record: CXX_FEATURE:1cxx_final
    Feature record: CXX_FEATURE:1cxx_func_identifier
    Feature record: CXX_FEATURE:1cxx_generalized_initializers
    Feature record: CXX_FEATURE:1cxx_generic_lambdas
    Feature record: CXX_FEATURE:1cxx_inheriting_constructors
    Feature record: CXX_FEATURE:1cxx_inline_namespaces
    Feature record: CXX_FEATURE:1cxx_lambdas
    Feature record: CXX_FEATURE:1cxx_lambda_init_captures
    Feature record: CXX_FEATURE:1cxx_local_type_template_args
    Feature record: CXX_FEATURE:1cxx_long_long_type
    Feature record: CXX_FEATURE:1cxx_noexcept
    Feature record: CXX_FEATURE:1cxx_nonstatic_member_init
    Feature record: CXX_FEATURE:1cxx_nullptr
    Feature record: CXX_FEATURE:1cxx_override
    Feature record: CXX_FEATURE:1cxx_range_for
    Feature record: CXX_FEATURE:1cxx_raw_string_literals
    Feature record: CXX_FEATURE:1cxx_reference_qualified_functions
    Feature record: CXX_FEATURE:1cxx_relaxed_constexpr
    Feature record: CXX_FEATURE:1cxx_return_type_deduction
    Feature record: CXX_FEATURE:1cxx_right_angle_brackets
    Feature record: CXX_FEATURE:1cxx_rvalue_references
    Feature record: CXX_FEATURE:1cxx_sizeof_member
    Feature record: CXX_FEATURE:1cxx_static_assert
    Feature record: CXX_FEATURE:1cxx_strong_enums
    Feature record: CXX_FEATURE:1cxx_template_template_parameters
    Feature record: CXX_FEATURE:1cxx_thread_local
    Feature record: CXX_FEATURE:1cxx_trailing_return_types
    Feature record: CXX_FEATURE:1cxx_unicode_literals
    Feature record: CXX_FEATURE:1cxx_uniform_initialization
    Feature record: CXX_FEATURE:1cxx_unrestricted_unions
    Feature record: CXX_FEATURE:1cxx_user_literals
    Feature record: CXX_FEATURE:1cxx_variable_templates
    Feature record: CXX_FEATURE:1cxx_variadic_macros
    Feature record: CXX_FEATURE:1cxx_variadic_templates


Detecting CXX [-std=c++14] compiler features compiled with the following output:
Change Dir: /home/origamidance/Playground/Cinder-NumOpt/build/CMakeFiles/CMakeTmp

Run Build Command:"/usr/bin/ninja" "cmTC_b1f64"
[1/2] Building CXX object CMakeFiles/cmTC_b1f64.dir/feature_tests.cxx.o
[2/2] Linking CXX executable cmTC_b1f64


    Feature record: CXX_FEATURE:1cxx_aggregate_default_initializers
    Feature record: CXX_FEATURE:1cxx_alias_templates
    Feature record: CXX_FEATURE:1cxx_alignas
    Feature record: CXX_FEATURE:1cxx_alignof
    Feature record: CXX_FEATURE:1cxx_attributes
    Feature record: CXX_FEATURE:1cxx_attribute_deprecated
    Feature record: CXX_FEATURE:1cxx_auto_type
    Feature record: CXX_FEATURE:1cxx_binary_literals
    Feature record: CXX_FEATURE:1cxx_constexpr
    Feature record: CXX_FEATURE:1cxx_contextual_conversions
    Feature record: CXX_FEATURE:1cxx_decltype
    Feature record: CXX_FEATURE:1cxx_decltype_auto
    Feature record: CXX_FEATURE:1cxx_decltype_incomplete_return_types
    Feature record: CXX_FEATURE:1cxx_default_function_template_args
    Feature record: CXX_FEATURE:1cxx_defaulted_functions
    Feature record: CXX_FEATURE:1cxx_defaulted_move_initializers
    Feature record: CXX_FEATURE:1cxx_delegating_constructors
    Feature record: CXX_FEATURE:1cxx_deleted_functions
    Feature record: CXX_FEATURE:1cxx_digit_separators
    Feature record: CXX_FEATURE:1cxx_enum_forward_declarations
    Feature record: CXX_FEATURE:1cxx_explicit_conversions
    Feature record: CXX_FEATURE:1cxx_extended_friend_declarations
    Feature record: CXX_FEATURE:1cxx_extern_templates
    Feature record: CXX_FEATURE:1cxx_final
    Feature record: CXX_FEATURE:1cxx_func_identifier
    Feature record: CXX_FEATURE:1cxx_generalized_initializers
    Feature record: CXX_FEATURE:1cxx_generic_lambdas
    Feature record: CXX_FEATURE:1cxx_inheriting_constructors
    Feature record: CXX_FEATURE:1cxx_inline_namespaces
    Feature record: CXX_FEATURE:1cxx_lambdas
    Feature record: CXX_FEATURE:1cxx_lambda_init_captures
    Feature record: CXX_FEATURE:1cxx_local_type_template_args
    Feature record: CXX_FEATURE:1cxx_long_long_type
    Feature record: CXX_FEATURE:1cxx_noexcept
    Feature record: CXX_FEATURE:1cxx_nonstatic_member_init
    Feature record: CXX_FEATURE:1cxx_nullptr
    Feature record: CXX_FEATURE:1cxx_override
    Feature record: CXX_FEATURE:1cxx_range_for
    Feature record: CXX_FEATURE:1cxx_raw_string_literals
    Feature record: CXX_FEATURE:1cxx_reference_qualified_functions
    Feature record: CXX_FEATURE:1cxx_relaxed_constexpr
    Feature record: CXX_FEATURE:1cxx_return_type_deduction
    Feature record: CXX_FEATURE:1cxx_right_angle_brackets
    Feature record: CXX_FEATURE:1cxx_rvalue_references
    Feature record: CXX_FEATURE:1cxx_sizeof_member
    Feature record: CXX_FEATURE:1cxx_static_assert
    Feature record: CXX_FEATURE:1cxx_strong_enums
    Feature record: CXX_FEATURE:1cxx_template_template_parameters
    Feature record: CXX_FEATURE:1cxx_thread_local
    Feature record: CXX_FEATURE:1cxx_trailing_return_types
    Feature record: CXX_FEATURE:1cxx_unicode_literals
    Feature record: CXX_FEATURE:1cxx_uniform_initialization
    Feature record: CXX_FEATURE:1cxx_unrestricted_unions
    Feature record: CXX_FEATURE:1cxx_user_literals
    Feature record: CXX_FEATURE:1cxx_variable_templates
    Feature record: CXX_FEATURE:1cxx_variadic_macros
    Feature record: CXX_FEATURE:1cxx_variadic_templates


Detecting CXX [-std=c++11] compiler features compiled with the following output:
Change Dir: /home/origamidance/Playground/Cinder-NumOpt/build/CMakeFiles/CMakeTmp

Run Build Command:"/usr/bin/ninja" "cmTC_012ff"
[1/2] Building CXX object CMakeFiles/cmTC_012ff.dir/feature_tests.cxx.o
[2/2] Linking CXX executable cmTC_012ff


    Feature record: CXX_FEATURE:0cxx_aggregate_default_initializers
    Feature record: CXX_FEATURE:1cxx_alias_templates
    Feature record: CXX_FEATURE:1cxx_alignas
    Feature record: CXX_FEATURE:1cxx_alignof
    Feature record: CXX_FEATURE:1cxx_attributes
    Feature record: CXX_FEATURE:0cxx_attribute_deprecated
    Feature record: CXX_FEATURE:1cxx_auto_type
    Feature record: CXX_FEATURE:0cxx_binary_literals
    Feature record: CXX_FEATURE:1cxx_constexpr
    Feature record: CXX_FEATURE:0cxx_contextual_conversions
    Feature record: CXX_FEATURE:1cxx_decltype
    Feature record: CXX_FEATURE:0cxx_decltype_auto
    Feature record: CXX_FEATURE:1cxx_decltype_incomplete_return_types
    Feature record: CXX_FEATURE:1cxx_default_function_template_args
    Feature record: CXX_FEATURE:1cxx_defaulted_functions
    Feature record: CXX_FEATURE:1cxx_defaulted_move_initializers
    Feature record: CXX_FEATURE:1cxx_delegating_constructors
    Feature record: CXX_FEATURE:1cxx_deleted_functions
    Feature record: CXX_FEATURE:0cxx_digit_separators
    Feature record: CXX_FEATURE:1cxx_enum_forward_declarations
    Feature record: CXX_FEATURE:1cxx_explicit_conversions
    Feature record: CXX_FEATURE:1cxx_extended_friend_declarations
    Feature record: CXX_FEATURE:1cxx_extern_templates
    Feature record: CXX_FEATURE:1cxx_final
    Feature record: CXX_FEATURE:1cxx_func_identifier
    Feature record: CXX_FEATURE:1cxx_generalized_initializers
    Feature record: CXX_FEATURE:0cxx_generic_lambdas
    Feature record: CXX_FEATURE:1cxx_inheriting_constructors
    Feature record: CXX_FEATURE:1cxx_inline_namespaces
    Feature record: CXX_FEATURE:1cxx_lambdas
    Feature record: CXX_FEATURE:0cxx_lambda_init_captures
    Feature record: CXX_FEATURE:1cxx_local_type_template_args
    Feature record: CXX_FEATURE:1cxx_long_long_type
    Feature record: CXX_FEATURE:1cxx_noexcept
    Feature record: CXX_FEATURE:1cxx_nonstatic_member_init
    Feature record: CXX_FEATURE:1cxx_nullptr
    Feature record: CXX_FEATURE:1cxx_override
    Feature record: CXX_FEATURE:1cxx_range_for
    Feature record: CXX_FEATURE:1cxx_raw_string_literals
    Feature record: CXX_FEATURE:1cxx_reference_qualified_functions
    Feature record: CXX_FEATURE:0cxx_relaxed_constexpr
    Feature record: CXX_FEATURE:0cxx_return_type_deduction
    Feature record: CXX_FEATURE:1cxx_right_angle_brackets
    Feature record: CXX_FEATURE:1cxx_rvalue_references
    Feature record: CXX_FEATURE:1cxx_sizeof_member
    Feature record: CXX_FEATURE:1cxx_static_assert
    Feature record: CXX_FEATURE:1cxx_strong_enums
    Feature record: CXX_FEATURE:1cxx_template_template_parameters
    Feature record: CXX_FEATURE:1cxx_thread_local
    Feature record: CXX_FEATURE:1cxx_trailing_return_types
    Feature record: CXX_FEATURE:1cxx_unicode_literals
    Feature record: CXX_FEATURE:1cxx_uniform_initialization
    Feature record: CXX_FEATURE:1cxx_unrestricted_unions
    Feature record: CXX_FEATURE:1cxx_user_literals
    Feature record: CXX_FEATURE:0cxx_variable_templates
    Feature record: CXX_FEATURE:1cxx_variadic_macros
    Feature record: CXX_FEATURE:1cxx_variadic_templates


Detecting CXX [-std=c++98] compiler features compiled with the following output:
Change Dir: /home/origamidance/Playground/Cinder-NumOpt/build/CMakeFiles/CMakeTmp

Run Build Command:"/usr/bin/ninja" "cmTC_c5169"
[1/2] Building CXX object CMakeFiles/cmTC_c5169.dir/feature_tests.cxx.o
[2/2] Linking CXX executable cmTC_c5169


    Feature record: CXX_FEATURE:0cxx_aggregate_default_initializers
    Feature record: CXX_FEATURE:0cxx_alias_templates
    Feature record: CXX_FEATURE:0cxx_alignas
    Feature record: CXX_FEATURE:0cxx_alignof
    Feature record: CXX_FEATURE:0cxx_attributes
    Feature record: CXX_FEATURE:0cxx_attribute_deprecated
    Feature record: CXX_FEATURE:0cxx_auto_type
    Feature record: CXX_FEATURE:0cxx_binary_literals
    Feature record: CXX_FEATURE:0cxx_constexpr
    Feature record: CXX_FEATURE:0cxx_contextual_conversions
    Feature record: CXX_FEATURE:0cxx_decltype
    Feature record: CXX_FEATURE:0cxx_decltype_auto
    Feature record: CXX_FEATURE:0cxx_decltype_incomplete_return_types
    Feature record: CXX_FEATURE:0cxx_default_function_template_args
    Feature record: CXX_FEATURE:0cxx_defaulted_functions
    Feature record: CXX_FEATURE:0cxx_defaulted_move_initializers
    Feature record: CXX_FEATURE:0cxx_delegating_constructors
    Feature record: CXX_FEATURE:0cxx_deleted_functions
    Feature record: CXX_FEATURE:0cxx_digit_separators
    Feature record: CXX_FEATURE:0cxx_enum_forward_declarations
    Feature record: CXX_FEATURE:0cxx_explicit_conversions
    Feature record: CXX_FEATURE:0cxx_extended_friend_declarations
    Feature record: CXX_FEATURE:0cxx_extern_templates
    Feature record: CXX_FEATURE:0cxx_final
    Feature record: CXX_FEATURE:0cxx_func_identifier
    Feature record: CXX_FEATURE:0cxx_generalized_initializers
    Feature record: CXX_FEATURE:0cxx_generic_lambdas
    Feature record: CXX_FEATURE:0cxx_inheriting_constructors
    Feature record: CXX_FEATURE:0cxx_inline_namespaces
    Feature record: CXX_FEATURE:0cxx_lambdas
    Feature record: CXX_FEATURE:0cxx_lambda_init_captures
    Feature record: CXX_FEATURE:0cxx_local_type_template_args
    Feature record: CXX_FEATURE:0cxx_long_long_type
    Feature record: CXX_FEATURE:0cxx_noexcept
    Feature record: CXX_FEATURE:0cxx_nonstatic_member_init
    Feature record: CXX_FEATURE:0cxx_nullptr
    Feature record: CXX_FEATURE:0cxx_override
    Feature record: CXX_FEATURE:0cxx_range_for
    Feature record: CXX_FEATURE:0cxx_raw_string_literals
    Feature record: CXX_FEATURE:0cxx_reference_qualified_functions
    Feature record: CXX_FEATURE:0cxx_relaxed_constexpr
    Feature record: CXX_FEATURE:0cxx_return_type_deduction
    Feature record: CXX_FEATURE:0cxx_right_angle_brackets
    Feature record: CXX_FEATURE:0cxx_rvalue_references
    Feature record: CXX_FEATURE:0cxx_sizeof_member
    Feature record: CXX_FEATURE:0cxx_static_assert
    Feature record: CXX_FEATURE:0cxx_strong_enums
    Feature record: CXX_FEATURE:1cxx_template_template_parameters
    Feature record: CXX_FEATURE:0cxx_thread_local
    Feature record: CXX_FEATURE:0cxx_trailing_return_types
    Feature record: CXX_FEATURE:0cxx_unicode_literals
    Feature record: CXX_FEATURE:0cxx_uniform_initialization
    Feature record: CXX_FEATURE:0cxx_unrestricted_unions
    Feature record: CXX_FEATURE:0cxx_user_literals
    Feature record: CXX_FEATURE:0cxx_variable_templates
    Feature record: CXX_FEATURE:0cxx_variadic_macros
    Feature record: CXX_FEATURE:0cxx_variadic_templates
Determining if the include file dlfcn.h exists passed with the following output:
Change Dir: /home/origamidance/Playground/Cinder-NumOpt/build/CMakeFiles/CMakeTmp

Run Build Command:"/usr/bin/ninja" "cmTC_5d590"
[1/2] Building C object CMakeFiles/cmTC_5d590.dir/CheckIncludeFile.c.o
[2/2] Linking C executable cmTC_5d590


Determining if the include file getopt.h exists passed with the following output:
Change Dir: /home/origamidance/Playground/Cinder-NumOpt/build/CMakeFiles/CMakeTmp

Run Build Command:"/usr/bin/ninja" "cmTC_547d3"
[1/2] Building C object CMakeFiles/cmTC_547d3.dir/CheckIncludeFile.c.o
[2/2] Linking C executable cmTC_547d3


Determining if the include file unistd.h exists passed with the following output:
Change Dir: /home/origamidance/Playground/Cinder-NumOpt/build/CMakeFiles/CMakeTmp

Run Build Command:"/usr/bin/ninja" "cmTC_1de09"
[1/2] Building C object CMakeFiles/cmTC_1de09.dir/CheckIncludeFile.c.o
[2/2] Linking C executable cmTC_1de09


Determining if the include file string.h exists passed with the following output:
Change Dir: /home/origamidance/Playground/Cinder-NumOpt/build/CMakeFiles/CMakeTmp

Run Build Command:"/usr/bin/ninja" "cmTC_665c4"
[1/2] Building C object CMakeFiles/cmTC_665c4.dir/CheckIncludeFile.c.o
[2/2] Linking C executable cmTC_665c4


Determining if the include file strings.h exists passed with the following output:
Change Dir: /home/origamidance/Playground/Cinder-NumOpt/build/CMakeFiles/CMakeTmp

Run Build Command:"/usr/bin/ninja" "cmTC_01386"
[1/2] Building C object CMakeFiles/cmTC_01386.dir/CheckIncludeFile.c.o
[2/2] Linking C executable cmTC_01386


Determining if the include file inttypes.h exists passed with the following output:
Change Dir: /home/origamidance/Playground/Cinder-NumOpt/build/CMakeFiles/CMakeTmp

Run Build Command:"/usr/bin/ninja" "cmTC_7edc8"
[1/2] Building C object CMakeFiles/cmTC_7edc8.dir/CheckIncludeFile.c.o
[2/2] Linking C executable cmTC_7edc8


Determining if the include file memory.h exists passed with the following output:
Change Dir: /home/origamidance/Playground/Cinder-NumOpt/build/CMakeFiles/CMakeTmp

Run Build Command:"/usr/bin/ninja" "cmTC_99909"
[1/2] Building C object CMakeFiles/cmTC_99909.dir/CheckIncludeFile.c.o
[2/2] Linking C executable cmTC_99909


Determining if the include file stdlib.h exists passed with the following output:
Change Dir: /home/origamidance/Playground/Cinder-NumOpt/build/CMakeFiles/CMakeTmp

Run Build Command:"/usr/bin/ninja" "cmTC_b0dd9"
[1/2] Building C object CMakeFiles/cmTC_b0dd9.dir/CheckIncludeFile.c.o
[2/2] Linking C executable cmTC_b0dd9


Determining if the include file stdint.h exists passed with the following output:
Change Dir: /home/origamidance/Playground/Cinder-NumOpt/build/CMakeFiles/CMakeTmp

Run Build Command:"/usr/bin/ninja" "cmTC_be2d4"
[1/2] Building C object CMakeFiles/cmTC_be2d4.dir/CheckIncludeFile.c.o
[2/2] Linking C executable cmTC_be2d4


Determining if the include file time.h exists passed with the following output:
Change Dir: /home/origamidance/Playground/Cinder-NumOpt/build/CMakeFiles/CMakeTmp

Run Build Command:"/usr/bin/ninja" "cmTC_cbaff"
[1/2] Building C object CMakeFiles/cmTC_cbaff.dir/CheckIncludeFile.c.o
[2/2] Linking C executable cmTC_cbaff


Determining if the include file sys/types.h exists passed with the following output:
Change Dir: /home/origamidance/Playground/Cinder-NumOpt/build/CMakeFiles/CMakeTmp

Run Build Command:"/usr/bin/ninja" "cmTC_b5d64"
[1/2] Building C object CMakeFiles/cmTC_b5d64.dir/CheckIncludeFile.c.o
[2/2] Linking C executable cmTC_b5d64


Determining if the include file sys/stat.h exists passed with the following output:
Change Dir: /home/origamidance/Playground/Cinder-NumOpt/build/CMakeFiles/CMakeTmp

Run Build Command:"/usr/bin/ninja" "cmTC_25c65"
[1/2] Building C object CMakeFiles/cmTC_25c65.dir/CheckIncludeFile.c.o
[2/2] Linking C executable cmTC_25c65


Determining if the include file sys/time.h exists passed with the following output:
Change Dir: /home/origamidance/Playground/Cinder-NumOpt/build/CMakeFiles/CMakeTmp

Run Build Command:"/usr/bin/ninja" "cmTC_0ca4d"
[1/2] Building C object CMakeFiles/cmTC_0ca4d.dir/CheckIncludeFile.c.o
[2/2] Linking C executable cmTC_0ca4d


Determining if the function getpid exists passed with the following output:
Change Dir: /home/origamidance/Playground/Cinder-NumOpt/build/CMakeFiles/CMakeTmp

Run Build Command:"/usr/bin/ninja" "cmTC_8e1c2"
[1/2] Building C object CMakeFiles/cmTC_8e1c2.dir/CheckFunctionExists.c.o
[2/2] Linking C executable cmTC_8e1c2


Determining if the function syscall exists passed with the following output:
Change Dir: /home/origamidance/Playground/Cinder-NumOpt/build/CMakeFiles/CMakeTmp

Run Build Command:"/usr/bin/ninja" "cmTC_cdab4"
[1/2] Building C object CMakeFiles/cmTC_cdab4.dir/CheckFunctionExists.c.o
[2/2] Linking C executable cmTC_cdab4


Determining if the function isinf exists passed with the following output:
Change Dir: /home/origamidance/Playground/Cinder-NumOpt/build/CMakeFiles/CMakeTmp

Run Build Command:"/usr/bin/ninja" "cmTC_94055"
[1/2] Building C object CMakeFiles/cmTC_94055.dir/CheckFunctionExists.c.o
[2/2] Linking C executable cmTC_94055


Determining if the function isnan exists passed with the following output:
Change Dir: /home/origamidance/Playground/Cinder-NumOpt/build/CMakeFiles/CMakeTmp

Run Build Command:"/usr/bin/ninja" "cmTC_68875"
[1/2] Building C object CMakeFiles/cmTC_68875.dir/CheckFunctionExists.c.o
[2/2] Linking C executable cmTC_68875


Determining if the function gettimeofday exists passed with the following output:
Change Dir: /home/origamidance/Playground/Cinder-NumOpt/build/CMakeFiles/CMakeTmp

Run Build Command:"/usr/bin/ninja" "cmTC_0d497"
[1/2] Building C object CMakeFiles/cmTC_0d497.dir/CheckFunctionExists.c.o
[2/2] Linking C executable cmTC_0d497


Determining if the function qsort_r exists passed with the following output:
Change Dir: /home/origamidance/Playground/Cinder-NumOpt/build/CMakeFiles/CMakeTmp

Run Build Command:"/usr/bin/ninja" "cmTC_e326b"
[1/2] Building C object CMakeFiles/cmTC_e326b.dir/CheckFunctionExists.c.o
[2/2] Linking C executable cmTC_e326b


Determining if the function time exists passed with the following output:
Change Dir: /home/origamidance/Playground/Cinder-NumOpt/build/CMakeFiles/CMakeTmp

Run Build Command:"/usr/bin/ninja" "cmTC_a1e78"
[1/2] Building C object CMakeFiles/cmTC_a1e78.dir/CheckFunctionExists.c.o
[2/2] Linking C executable cmTC_a1e78


Determining if the function copysign exists passed with the following output:
Change Dir: /home/origamidance/Playground/Cinder-NumOpt/build/CMakeFiles/CMakeTmp

Run Build Command:"/usr/bin/ninja" "cmTC_6a6ea"
[1/2] Building C object CMakeFiles/cmTC_6a6ea.dir/CheckFunctionExists.c.o
/usr/share/cmake-3.10/Modules/CheckFunctionExists.c:7:3: warning: incompatible redeclaration of library function 'copysign' [-Wincompatible-library-redeclaration]
  CHECK_FUNCTION_EXISTS(void);
  ^
<command line>:1:31: note: expanded from here
#define CHECK_FUNCTION_EXISTS copysign
                              ^
/usr/share/cmake-3.10/Modules/CheckFunctionExists.c:7:3: note: 'copysign' is a builtin with type 'double (double, double)'
<command line>:1:31: note: expanded from here
#define CHECK_FUNCTION_EXISTS copysign
                              ^
1 warning generated.
[2/2] Linking C executable cmTC_6a6ea


Determining if the include file stddef.h exists passed with the following output:
Change Dir: /home/origamidance/Playground/Cinder-NumOpt/build/CMakeFiles/CMakeTmp

Run Build Command:"/usr/bin/ninja" "cmTC_0995f"
[1/2] Building C object CMakeFiles/cmTC_0995f.dir/CheckIncludeFile.c.o
[2/2] Linking C executable cmTC_0995f


Determining size of uint32_t passed with the following output:
Change Dir: /home/origamidance/Playground/Cinder-NumOpt/build/CMakeFiles/CMakeTmp

Run Build Command:"/usr/bin/ninja" "cmTC_6e553"
[1/2] Building C object CMakeFiles/cmTC_6e553.dir/SIZEOF_UINT32_T.c.o
[2/2] Linking C executable cmTC_6e553


Determining size of unsigned int passed with the following output:
Change Dir: /home/origamidance/Playground/Cinder-NumOpt/build/CMakeFiles/CMakeTmp

Run Build Command:"/usr/bin/ninja" "cmTC_f7bdb"
[1/2] Building C object CMakeFiles/cmTC_f7bdb.dir/SIZEOF_UNSIGNED_INT.c.o
[2/2] Linking C executable cmTC_f7bdb


Determining size of unsigned long passed with the following output:
Change Dir: /home/origamidance/Playground/Cinder-NumOpt/build/CMakeFiles/CMakeTmp

Run Build Command:"/usr/bin/ninja" "cmTC_8ada1"
[1/2] Building C object CMakeFiles/cmTC_8ada1.dir/SIZEOF_UNSIGNED_LONG.c.o
[2/2] Linking C executable cmTC_8ada1


Determining if the function sqrt exists in the m passed with the following output:
Change Dir: /home/origamidance/Playground/Cinder-NumOpt/build/CMakeFiles/CMakeTmp

Run Build Command:"/usr/bin/ninja" "cmTC_b17b1"
[1/2] Building C object CMakeFiles/cmTC_b17b1.dir/CheckFunctionExists.c.o
/usr/share/cmake-3.10/Modules/CheckFunctionExists.c:7:3: warning: incompatible redeclaration of library function 'sqrt' [-Wincompatible-library-redeclaration]
  CHECK_FUNCTION_EXISTS(void);
  ^
<command line>:1:31: note: expanded from here
#define CHECK_FUNCTION_EXISTS sqrt
                              ^
/usr/share/cmake-3.10/Modules/CheckFunctionExists.c:7:3: note: 'sqrt' is a builtin with type 'double (double)'
<command line>:1:31: note: expanded from here
#define CHECK_FUNCTION_EXISTS sqrt
                              ^
1 warning generated.
[2/2] Linking C executable cmTC_b17b1


Performing C SOURCE FILE Test HAVE_THREAD_LOCAL_STORAGE succeeded with the following output:
Change Dir: /home/origamidance/Playground/Cinder-NumOpt/build/CMakeFiles/CMakeTmp

Run Build Command:"/usr/bin/ninja" "cmTC_c61ac"
[1/2] Building C object CMakeFiles/cmTC_c61ac.dir/src.c.o
[2/2] Linking C executable cmTC_c61ac

Source file was:

    __thread int tls;

    int main(void) {
        return 0;
    }
